  [1m[35m (1.9ms)[0m  [1m[35mCREATE TABLE "schema_migrations" ("version" varchar NOT NULL PRIMARY KEY)[0m
  [1m[35m (1.6ms)[0m  [1m[35mCREATE TABLE "ar_internal_metadata" ("key" varchar NOT NULL PRIMARY KEY, "value" varchar, "created_at" datetime NOT NULL, "updated_at" datetime NOT NULL)[0m
  [1m[36mActiveRecord::SchemaMigration Load (0.1ms)[0m  [1m[34mSELECT "schema_migrations".* FROM "schema_migrations"[0m
Migrating to CreateMakers (20170315142314)
  [1m[35m (0.1ms)[0m  [1m[36mbegin transaction[0m
  [1m[35m (0.4ms)[0m  [1m[35mCREATE TABLE "makers" ("id" INTEGER PRIMARY KEY AUTOINCREMENT NOT NULL, "maker_name" varchar, "year" integer, "created_at" datetime NOT NULL, "updated_at" datetime NOT NULL)[0m
  [1m[35mSQL (0.2ms)[0m  [1m[32mINSERT INTO "schema_migrations" ("version") VALUES (?)[0m  [["version", "20170315142314"]]
  [1m[35m (1.1ms)[0m  [1m[36mcommit transaction[0m
Migrating to CreateSeries (20170315142523)
  [1m[35m (0.1ms)[0m  [1m[36mbegin transaction[0m
  [1m[35m (0.4ms)[0m  [1m[35mCREATE TABLE "series" ("id" INTEGER PRIMARY KEY AUTOINCREMENT NOT NULL, "series_name" varchar, "created_at" datetime NOT NULL, "updated_at" datetime NOT NULL)[0m
  [1m[35mSQL (0.2ms)[0m  [1m[32mINSERT INTO "schema_migrations" ("version") VALUES (?)[0m  [["version", "20170315142523"]]
  [1m[35m (1.0ms)[0m  [1m[36mcommit transaction[0m
Migrating to CreateBikes (20170315143538)
  [1m[35m (0.1ms)[0m  [1m[36mbegin transaction[0m
  [1m[35m (0.1ms)[0m  [1m[31mrollback transaction[0m
  [1m[36mActiveRecord::SchemaMigration Load (0.4ms)[0m  [1m[34mSELECT "schema_migrations".* FROM "schema_migrations"[0m
Migrating to CreateBikes (20170315143538)
  [1m[35m (0.1ms)[0m  [1m[36mbegin transaction[0m
  [1m[35m (0.5ms)[0m  [1m[35mCREATE TABLE "bikes" ("id" INTEGER PRIMARY KEY AUTOINCREMENT NOT NULL, "frame_type" varchar, "component" varchar, "rear_derailleur" varchar, "front_derailleur" varchar, "crank" varchar, "brake" varchar, "chain" varchar, "sprocket" varchar, "sti_lever" varchar, "bb" varchar, "wheel" varchar, "color" varchar, "saddle" varchar, "seat_pillar" varchar, "stem" varchar, "tire" varchar, "pedal" varchar, "valve" varchar, "accessory" varchar, "shop_url" varchar, "maker_url" varchar, "picture" blob, "created_at" datetime NOT NULL, "updated_at" datetime NOT NULL)[0m
  [1m[35mSQL (0.3ms)[0m  [1m[32mINSERT INTO "schema_migrations" ("version") VALUES (?)[0m  [["version", "20170315143538"]]
  [1m[35m (0.7ms)[0m  [1m[36mcommit transaction[0m
Migrating to AddHandleToBikes (20170315144326)
  [1m[35m (0.1ms)[0m  [1m[36mbegin transaction[0m
  [1m[35m (0.8ms)[0m  [1m[35mALTER TABLE "bikes" ADD "handle" varchar[0m
  [1m[35mSQL (0.3ms)[0m  [1m[32mINSERT INTO "schema_migrations" ("version") VALUES (?)[0m  [["version", "20170315144326"]]
  [1m[35m (0.8ms)[0m  [1m[36mcommit transaction[0m
Migrating to AddMakerIdToSeries (20170315150420)
  [1m[35m (0.1ms)[0m  [1m[36mbegin transaction[0m
  [1m[35m (0.6ms)[0m  [1m[35mALTER TABLE "series" ADD "maker_id" intger[0m
  [1m[35mSQL (0.2ms)[0m  [1m[32mINSERT INTO "schema_migrations" ("version") VALUES (?)[0m  [["version", "20170315150420"]]
  [1m[35m (0.8ms)[0m  [1m[36mcommit transaction[0m
Migrating to AddSeriesIdToBikes (20170315150643)
  [1m[35m (0.1ms)[0m  [1m[36mbegin transaction[0m
  [1m[35m (0.9ms)[0m  [1m[35mALTER TABLE "bikes" ADD "series_id" intger[0m
  [1m[35mSQL (0.2ms)[0m  [1m[32mINSERT INTO "schema_migrations" ("version") VALUES (?)[0m  [["version", "20170315150643"]]
  [1m[35m (1.0ms)[0m  [1m[36mcommit transaction[0m
Migrating to CreateSizes (20170315150956)
  [1m[35m (0.1ms)[0m  [1m[36mbegin transaction[0m
  [1m[35m (1.8ms)[0m  [1m[35mCREATE TABLE "sizes" ("id" INTEGER PRIMARY KEY AUTOINCREMENT NOT NULL, "size" integer, "bikes_id" integer, "created_at" datetime NOT NULL, "updated_at" datetime NOT NULL)[0m
  [1m[35mSQL (0.3ms)[0m  [1m[32mINSERT INTO "schema_migrations" ("version") VALUES (?)[0m  [["version", "20170315150956"]]
  [1m[35m (1.0ms)[0m  [1m[36mcommit transaction[0m
Migrating to CreateWeights (20170315151108)
  [1m[35m (0.1ms)[0m  [1m[36mbegin transaction[0m
  [1m[35m (0.5ms)[0m  [1m[35mCREATE TABLE "weights" ("id" INTEGER PRIMARY KEY AUTOINCREMENT NOT NULL, "weight" integer, "sizes_id" integer, "created_at" datetime NOT NULL, "updated_at" datetime NOT NULL)[0m
  [1m[35mSQL (0.2ms)[0m  [1m[32mINSERT INTO "schema_migrations" ("version") VALUES (?)[0m  [["version", "20170315151108"]]
  [1m[35m (2.8ms)[0m  [1m[36mcommit transaction[0m
  [1m[36mActiveRecord::InternalMetadata Load (0.5ms)[0m  [1m[34mSELECT  "ar_internal_metadata".* FROM "ar_internal_metadata" WHERE "ar_internal_metadata"."key" = ? LIMIT ?[0m  [["key", :environment], ["LIMIT", 1]]
  [1m[35m (0.1ms)[0m  [1m[36mbegin transaction[0m
  [1m[35mSQL (0.3ms)[0m  [1m[32mINSERT INTO "ar_internal_metadata" ("key", "value", "created_at", "updated_at") VALUES (?, ?, ?, ?)[0m  [["key", "environment"], ["value", "development"], ["created_at", 2017-03-15 22:33:14 UTC], ["updated_at", 2017-03-15 22:33:14 UTC]]
  [1m[35m (0.7ms)[0m  [1m[36mcommit transaction[0m
  [1m[36mActiveRecord::SchemaMigration Load (0.2ms)[0m  [1m[34mSELECT "schema_migrations".* FROM "schema_migrations"[0m
Started GET "/" for ::1 at 2017-03-16 07:38:20 +0900
  [1m[36mActiveRecord::SchemaMigration Load (0.5ms)[0m  [1m[34mSELECT "schema_migrations".* FROM "schema_migrations"[0m
Processing by Rails::WelcomeController#index as HTML
  Parameters: {"internal"=>true}
  Rendering /Users/kanta/.rbenv/versions/2.3.1/lib/ruby/gems/2.3.0/gems/railties-5.0.0.1/lib/rails/templates/rails/welcome/index.html.erb
  Rendered /Users/kanta/.rbenv/versions/2.3.1/lib/ruby/gems/2.3.0/gems/railties-5.0.0.1/lib/rails/templates/rails/welcome/index.html.erb (14.3ms)
Completed 200 OK in 71ms (Views: 37.9ms | ActiveRecord: 0.0ms)


Started GET "/" for ::1 at 2017-03-16 07:38:41 +0900
Processing by Rails::WelcomeController#index as HTML
  Parameters: {"internal"=>true}
  Rendering /Users/kanta/.rbenv/versions/2.3.1/lib/ruby/gems/2.3.0/gems/railties-5.0.0.1/lib/rails/templates/rails/welcome/index.html.erb
  Rendered /Users/kanta/.rbenv/versions/2.3.1/lib/ruby/gems/2.3.0/gems/railties-5.0.0.1/lib/rails/templates/rails/welcome/index.html.erb (3.8ms)
Completed 200 OK in 11ms (Views: 7.1ms | ActiveRecord: 0.0ms)


Started GET "/maker/index" for ::1 at 2017-03-16 07:38:56 +0900
  
ActionController::RoutingError (No route matches [GET] "/maker/index"):
  
actionpack (5.0.0.1) lib/action_dispatch/middleware/debug_exceptions.rb:53:in `call'
web-console (3.3.1) lib/web_console/middleware.rb:131:in `call_app'
web-console (3.3.1) lib/web_console/middleware.rb:28:in `block in call'
web-console (3.3.1) lib/web_console/middleware.rb:18:in `catch'
web-console (3.3.1) lib/web_console/middleware.rb:18:in `call'
actionpack (5.0.0.1) lib/action_dispatch/middleware/show_exceptions.rb:31:in `call'
railties (5.0.0.1) lib/rails/rack/logger.rb:36:in `call_app'
railties (5.0.0.1) lib/rails/rack/logger.rb:24:in `block in call'
activesupport (5.0.0.1) lib/active_support/tagged_logging.rb:70:in `block in tagged'
activesupport (5.0.0.1) lib/active_support/tagged_logging.rb:26:in `tagged'
activesupport (5.0.0.1) lib/active_support/tagged_logging.rb:70:in `tagged'
railties (5.0.0.1) lib/rails/rack/logger.rb:24:in `call'
sprockets-rails (3.2.0) lib/sprockets/rails/quiet_assets.rb:13:in `call'
actionpack (5.0.0.1) lib/action_dispatch/middleware/request_id.rb:24:in `call'
rack (2.0.1) lib/rack/method_override.rb:22:in `call'
rack (2.0.1) lib/rack/runtime.rb:22:in `call'
activesupport (5.0.0.1) lib/active_support/cache/strategy/local_cache_middleware.rb:28:in `call'
actionpack (5.0.0.1) lib/action_dispatch/middleware/executor.rb:12:in `call'
actionpack (5.0.0.1) lib/action_dispatch/middleware/static.rb:136:in `call'
rack (2.0.1) lib/rack/sendfile.rb:111:in `call'
railties (5.0.0.1) lib/rails/engine.rb:522:in `call'
puma (3.6.0) lib/puma/configuration.rb:225:in `call'
puma (3.6.0) lib/puma/server.rb:578:in `handle_request'
puma (3.6.0) lib/puma/server.rb:415:in `process_client'
puma (3.6.0) lib/puma/server.rb:275:in `block in run'
puma (3.6.0) lib/puma/thread_pool.rb:116:in `block in spawn_thread'
  Rendering /Users/kanta/.rbenv/versions/2.3.1/lib/ruby/gems/2.3.0/gems/actionpack-5.0.0.1/lib/action_dispatch/middleware/templates/rescues/routing_error.html.erb within rescues/layout
  Rendering /Users/kanta/.rbenv/versions/2.3.1/lib/ruby/gems/2.3.0/gems/actionpack-5.0.0.1/lib/action_dispatch/middleware/templates/rescues/_trace.html.erb
  Rendered /Users/kanta/.rbenv/versions/2.3.1/lib/ruby/gems/2.3.0/gems/actionpack-5.0.0.1/lib/action_dispatch/middleware/templates/rescues/_trace.html.erb (3.1ms)
  Rendered collection of /Users/kanta/.rbenv/versions/2.3.1/lib/ruby/gems/2.3.0/gems/actionpack-5.0.0.1/lib/action_dispatch/middleware/templates/routes/_route.html.erb [41 times] (25.2ms)
  Rendered /Users/kanta/.rbenv/versions/2.3.1/lib/ruby/gems/2.3.0/gems/actionpack-5.0.0.1/lib/action_dispatch/middleware/templates/routes/_table.html.erb (21.6ms)
  Rendering /Users/kanta/.rbenv/versions/2.3.1/lib/ruby/gems/2.3.0/gems/actionpack-5.0.0.1/lib/action_dispatch/middleware/templates/rescues/_request_and_response.html.erb
  Rendered /Users/kanta/.rbenv/versions/2.3.1/lib/ruby/gems/2.3.0/gems/actionpack-5.0.0.1/lib/action_dispatch/middleware/templates/rescues/_request_and_response.html.erb (1.7ms)
  Rendered /Users/kanta/.rbenv/versions/2.3.1/lib/ruby/gems/2.3.0/gems/actionpack-5.0.0.1/lib/action_dispatch/middleware/templates/rescues/routing_error.html.erb within rescues/layout (212.4ms)
Started GET "/makers" for ::1 at 2017-03-16 07:39:19 +0900
Processing by MakersController#index as HTML
  Rendering makers/index.html.erb within layouts/application
  [1m[36mMaker Load (0.4ms)[0m  [1m[34mSELECT "makers".* FROM "makers"[0m
  Rendered makers/index.html.erb within layouts/application (3.9ms)
Completed 200 OK in 761ms (Views: 742.2ms | ActiveRecord: 0.7ms)


Started GET "/makers/new" for ::1 at 2017-03-16 07:39:26 +0900
Processing by MakersController#new as HTML
  Rendering makers/new.html.erb within layouts/application
  Rendered makers/_form.html.erb (14.8ms)
  Rendered makers/new.html.erb within layouts/application (18.1ms)
Completed 200 OK in 151ms (Views: 100.4ms | ActiveRecord: 1.9ms)


Started POST "/makers" for ::1 at 2017-03-16 07:39:43 +0900
Processing by MakersController#create as HTML
  Parameters: {"utf8"=>"✓", "authenticity_token"=>"lpWYNs6IFk5vUGkquW8ot/reoE/McQKwVFXMZV0flOHJZRsfv1pfSLpt06E9aGLnbRs+yIosf3s0HsiO+Dpsag==", "maker"=>{"maker_name"=>"Trek", "year"=>"2017"}, "commit"=>"Create Maker"}
  [1m[35m (0.3ms)[0m  [1m[36mbegin transaction[0m
  [1m[35mSQL (0.9ms)[0m  [1m[32mINSERT INTO "makers" ("maker_name", "year", "created_at", "updated_at") VALUES (?, ?, ?, ?)[0m  [["maker_name", "Trek"], ["year", 2017], ["created_at", 2017-03-15 22:39:43 UTC], ["updated_at", 2017-03-15 22:39:43 UTC]]
  [1m[35m (0.8ms)[0m  [1m[36mcommit transaction[0m
Redirected to http://localhost:3000/makers/1
Completed 302 Found in 11ms (ActiveRecord: 2.0ms)


Started GET "/makers/1" for ::1 at 2017-03-16 07:39:43 +0900
Processing by MakersController#show as HTML
  Parameters: {"id"=>"1"}
  [1m[36mMaker Load (1.4ms)[0m  [1m[34mSELECT  "makers".* FROM "makers" WHERE "makers"."id" = ? LIMIT ?[0m  [["id", 1], ["LIMIT", 1]]
  Rendering makers/show.html.erb within layouts/application
  Rendered makers/show.html.erb within layouts/application (1.3ms)
Completed 200 OK in 117ms (Views: 102.3ms | ActiveRecord: 1.4ms)


Started GET "/makers" for ::1 at 2017-03-16 07:39:46 +0900
Processing by MakersController#index as HTML
  Rendering makers/index.html.erb within layouts/application
  [1m[36mMaker Load (0.2ms)[0m  [1m[34mSELECT "makers".* FROM "makers"[0m
  Rendered makers/index.html.erb within layouts/application (3.8ms)
Completed 200 OK in 90ms (Views: 84.8ms | ActiveRecord: 0.2ms)


Started GET "/makers/new" for ::1 at 2017-03-16 07:41:21 +0900
Processing by MakersController#new as HTML
  Rendering makers/new.html.erb within layouts/application
  Rendered makers/_form.html.erb (18.0ms)
  Rendered makers/new.html.erb within layouts/application (27.0ms)
Completed 200 OK in 187ms (Views: 175.2ms | ActiveRecord: 0.0ms)


Started POST "/makers" for ::1 at 2017-03-16 07:42:11 +0900
Processing by MakersController#create as HTML
  Parameters: {"utf8"=>"✓", "authenticity_token"=>"8kNhlBZJQgY1auWntW7wPz3xvjPcDkxdGd5cOcd+ACCts+K9Z5sLAOBXXywxabpvqjQgtJpTMZZ5lVjSYlv4qw==", "maker"=>{"maker_name"=>" Specialized", "year"=>"2017"}, "commit"=>"Create Maker"}
  [1m[35m (0.2ms)[0m  [1m[36mbegin transaction[0m
  [1m[35mSQL (0.6ms)[0m  [1m[32mINSERT INTO "makers" ("maker_name", "year", "created_at", "updated_at") VALUES (?, ?, ?, ?)[0m  [["maker_name", " Specialized"], ["year", 2017], ["created_at", 2017-03-15 22:42:11 UTC], ["updated_at", 2017-03-15 22:42:11 UTC]]
  [1m[35m (0.8ms)[0m  [1m[36mcommit transaction[0m
Redirected to http://localhost:3000/makers/2
Completed 302 Found in 12ms (ActiveRecord: 1.6ms)


Started GET "/makers/2" for ::1 at 2017-03-16 07:42:11 +0900
Processing by MakersController#show as HTML
  Parameters: {"id"=>"2"}
  [1m[36mMaker Load (0.4ms)[0m  [1m[34mSELECT  "makers".* FROM "makers" WHERE "makers"."id" = ? LIMIT ?[0m  [["id", 2], ["LIMIT", 1]]
  Rendering makers/show.html.erb within layouts/application
  Rendered makers/show.html.erb within layouts/application (1.6ms)
Completed 200 OK in 122ms (Views: 113.2ms | ActiveRecord: 0.4ms)


Started GET "/makers" for ::1 at 2017-03-16 07:42:13 +0900
Processing by MakersController#index as HTML
  Rendering makers/index.html.erb within layouts/application
  [1m[36mMaker Load (0.5ms)[0m  [1m[34mSELECT "makers".* FROM "makers"[0m
  Rendered makers/index.html.erb within layouts/application (4.1ms)
Completed 200 OK in 82ms (Views: 76.3ms | ActiveRecord: 0.5ms)


  [1m[36mMaker Load (0.2ms)[0m  [1m[34mSELECT  "makers".* FROM "makers" WHERE "makers"."id" = ? LIMIT ?[0m  [["id", nil], ["LIMIT", 1]]
  [1m[36mMaker Load (0.2ms)[0m  [1m[34mSELECT  "makers".* FROM "makers" WHERE "makers"."id" = ? LIMIT ?[0m  [["id", nil], ["LIMIT", 1]]
  [1m[36mMaker Load (0.2ms)[0m  [1m[34mSELECT  "makers".* FROM "makers" WHERE "makers"."id" = ? LIMIT ?[0m  [["id", nil], ["LIMIT", 1]]
  [1m[36mMaker Load (2.1ms)[0m  [1m[34mSELECT "makers".* FROM "makers"[0m
  [1m[36mActiveRecord::SchemaMigration Load (0.5ms)[0m  [1m[34mSELECT "schema_migrations".* FROM "schema_migrations"[0m
  [1m[36mActiveRecord::SchemaMigration Load (0.1ms)[0m  [1m[34mSELECT "schema_migrations".* FROM "schema_migrations"[0m
  [1m[35m (0.7ms)[0m  [1m[34mSELECT "ar_internal_metadata"."value" FROM "ar_internal_metadata" WHERE "ar_internal_metadata"."key" = ?[0m  [["key", :environment]]
  [1m[36mActiveRecord::SchemaMigration Load (0.1ms)[0m  [1m[34mSELECT "schema_migrations".* FROM "schema_migrations"[0m
  [1m[35m (0.1ms)[0m  [1m[34mSELECT "ar_internal_metadata"."value" FROM "ar_internal_metadata" WHERE "ar_internal_metadata"."key" = ?[0m  [["key", :environment]]
  [1m[36mActiveRecord::SchemaMigration Load (0.1ms)[0m  [1m[34mSELECT "schema_migrations".* FROM "schema_migrations"[0m
  [1m[35m (0.1ms)[0m  [1m[34mSELECT "ar_internal_metadata"."value" FROM "ar_internal_metadata" WHERE "ar_internal_metadata"."key" = ?[0m  [["key", :environment]]
DEPRECATION WARNING: Passing #original_exception is deprecated and has no effect. Exceptions will automatically capture the original exception. (called from require at /Users/kanta/cmp_bike/bin/rails:9)
  [1m[35m (1.4ms)[0m  [1m[35mCREATE TABLE "bikes" ("id" INTEGER PRIMARY KEY AUTOINCREMENT NOT NULL, "frame_type" varchar, "component" varchar, "rear_derailleur" varchar, "front_derailleur" varchar, "crank" varchar, "brake" varchar, "chain" varchar, "sprocket" varchar, "sti_lever" varchar, "bb" varchar, "wheel" varchar, "color" varchar, "saddle" varchar, "seat_pillar" varchar, "stem" varchar, "tire" varchar, "pedal" varchar, "valve" varchar, "accessory" varchar, "shop_url" varchar, "maker_url" varchar, "picture" blob, "created_at" datetime NOT NULL, "updated_at" datetime NOT NULL, "handle" varchar, "series_id" integer)[0m
  [1m[35m (1.0ms)[0m  [1m[35mCREATE TABLE "makers" ("id" INTEGER PRIMARY KEY AUTOINCREMENT NOT NULL, "maker_name" varchar, "year" integer, "created_at" datetime NOT NULL, "updated_at" datetime NOT NULL)[0m
  [1m[35m (0.9ms)[0m  [1m[35mCREATE TABLE "series" ("id" INTEGER PRIMARY KEY AUTOINCREMENT NOT NULL, "series_name" varchar, "created_at" datetime NOT NULL, "updated_at" datetime NOT NULL, "maker_id" integer)[0m
  [1m[35m (1.0ms)[0m  [1m[35mCREATE TABLE "sizes" ("id" INTEGER PRIMARY KEY AUTOINCREMENT NOT NULL, "size" integer, "bikes_id" integer, "created_at" datetime NOT NULL, "updated_at" datetime NOT NULL)[0m
  [1m[35m (1.0ms)[0m  [1m[35mCREATE TABLE "weights" ("id" INTEGER PRIMARY KEY AUTOINCREMENT NOT NULL, "weight" integer, "sizes_id" integer, "created_at" datetime NOT NULL, "updated_at" datetime NOT NULL)[0m
  [1m[35m (1.1ms)[0m  [1m[35mCREATE TABLE "schema_migrations" ("version" varchar NOT NULL PRIMARY KEY)[0m
  [1m[35m (0.1ms)[0m  [1m[34mSELECT version FROM "schema_migrations"[0m
  [1m[35m (0.8ms)[0m  [1m[32mINSERT INTO "schema_migrations" (version) VALUES ('20170315151108')[0m
  [1m[35m (0.5ms)[0m  [1m[34mselect sqlite_version(*)[0m
  [1m[35m (1.7ms)[0m  [1m[32mINSERT INTO schema_migrations (version) VALUES ('20170315142314'), ('20170315142523'), ('20170315143538'), ('20170315144326'), ('20170315150420'), ('20170315150643'), ('20170315150956');

[0m
  [1m[35m (1.0ms)[0m  [1m[35mCREATE TABLE "ar_internal_metadata" ("key" varchar NOT NULL PRIMARY KEY, "value" varchar, "created_at" datetime NOT NULL, "updated_at" datetime NOT NULL)[0m
  [1m[36mActiveRecord::InternalMetadata Load (0.2ms)[0m  [1m[34mSELECT  "ar_internal_metadata".* FROM "ar_internal_metadata" WHERE "ar_internal_metadata"."key" = ? LIMIT ?[0m  [["key", :environment], ["LIMIT", 1]]
  [1m[35m (0.1ms)[0m  [1m[36mbegin transaction[0m
  [1m[35mSQL (0.5ms)[0m  [1m[32mINSERT INTO "ar_internal_metadata" ("key", "value", "created_at", "updated_at") VALUES (?, ?, ?, ?)[0m  [["key", "environment"], ["value", "development"], ["created_at", 2017-03-15 23:14:52 UTC], ["updated_at", 2017-03-15 23:14:52 UTC]]
  [1m[35m (0.8ms)[0m  [1m[36mcommit transaction[0m
  [1m[36mActiveRecord::InternalMetadata Load (0.1ms)[0m  [1m[34mSELECT  "ar_internal_metadata".* FROM "ar_internal_metadata" WHERE "ar_internal_metadata"."key" = ? LIMIT ?[0m  [["key", :environment], ["LIMIT", 1]]
  [1m[35m (0.1ms)[0m  [1m[36mbegin transaction[0m
  [1m[35m (0.1ms)[0m  [1m[36mcommit transaction[0m
  [1m[36mActiveRecord::SchemaMigration Load (0.4ms)[0m  [1m[34mSELECT "schema_migrations".* FROM "schema_migrations"[0m
Migrating to Maker (20170316230232)
  [1m[35m (0.1ms)[0m  [1m[36mbegin transaction[0m
  [1m[35mSQL (0.5ms)[0m  [1m[32mINSERT INTO "schema_migrations" ("version") VALUES (?)[0m  [["version", "20170316230232"]]
  [1m[35m (0.7ms)[0m  [1m[36mcommit transaction[0m
Migrating to DropTableMaker (20170316230319)
  [1m[35m (0.1ms)[0m  [1m[36mbegin transaction[0m
  [1m[35m (0.9ms)[0m  [1m[35mDROP TABLE "maker"[0m
  [1m[35m (0.1ms)[0m  [1m[31mrollback transaction[0m
  [1m[36mActiveRecord::InternalMetadata Load (1.1ms)[0m  [1m[34mSELECT  "ar_internal_metadata".* FROM "ar_internal_metadata" WHERE "ar_internal_metadata"."key" = ? LIMIT ?[0m  [["key", :environment], ["LIMIT", 1]]
  [1m[35m (0.3ms)[0m  [1m[36mbegin transaction[0m
  [1m[35m (0.0ms)[0m  [1m[36mcommit transaction[0m
  [1m[36mActiveRecord::SchemaMigration Load (0.4ms)[0m  [1m[34mSELECT "schema_migrations".* FROM "schema_migrations"[0m
